<?xml version="1.0" encoding="UTF-8"?>
<!-- Generated by org.testng.reporters.JUnitReportReporter -->
<testsuite hostname="DESKTOP-I3PT2JI" failures="0" tests="4" name="com.test.TestNgFeatures" time="0.005" errors="0" timestamp="2021-02-28T22:47:48 ULAT" skipped="0">
  <testcase classname="com.test.TestNgFeatures" name="homePageTest" time="0.001"/>
  <system-out/>
  <testcase classname="com.test.TestNgFeatures" name="loginTest" time="0.002"/>
  <system-out/>
  <testcase classname="com.test.TestNgFeatures" name="registerPageTest" time="0.001"/>
  <system-out/>
  <testcase classname="com.test.TestNgFeatures" name="searchPageTest" time="0.001"/>
  <system-out/>
</testsuite> <!-- com.test.TestNgFeatures -->
