<?xml version="1.0" encoding="UTF-8"?>
<!-- Generated by org.testng.reporters.JUnitReportReporter -->
<testsuite hostname="DESKTOP-I3PT2JI" failures="0" tests="2" name="com.test.TestNgBasics" time="0.005" errors="0" timestamp="2021-02-28T22:47:48 ULAT" skipped="0">
  <testcase classname="com.test.TestNgBasics" name="googleTitleTest" time="0.003"/>
  <system-out/>
  <testcase classname="com.test.TestNgBasics" name="search" time="0.002"/>
  <system-out/>
</testsuite> <!-- com.test.TestNgBasics -->
