<?xml version="1.0" encoding="UTF-8"?>
<!-- Generated by org.testng.reporters.JUnitReportReporter -->
<testsuite hostname="DESKTOP-I3PT2JI" failures="0" tests="1" name="com.test.ExceptionTimeOutTest" time="0.011" errors="0" timestamp="2021-02-28T22:47:48 ULAT" skipped="0">
  <testcase classname="com.test.ExceptionTimeOutTest" name="test1" time="0.011"/>
  <system-out/>
</testsuite> <!-- com.test.ExceptionTimeOutTest -->
