<?xml version="1.0" encoding="UTF-8"?>
<!-- Generated by org.testng.reporters.JUnitReportReporter -->
<testsuite hostname="DESKTOP-I3PT2JI" failures="0" tests="1" name="com.testPractice.BrokenImageTest" time="91.927" errors="0" timestamp="2021-03-02T21:26:04 ULAT" skipped="0">
  <testcase classname="com.testPractice.BrokenImageTest" name="BrokenImgTest" time="91.927"/>
  <system-out/>
</testsuite> <!-- com.testPractice.BrokenImageTest -->
