<?xml version="1.0" encoding="UTF-8"?>
<!-- Generated by org.testng.reporters.JUnitReportReporter -->
<testsuite hostname="DESKTOP-I3PT2JI" failures="0" tests="1" name="com.test.BrokenLinkTest" time="100.431" errors="0" timestamp="2021-03-02T21:21:32 ULAT" skipped="0">
  <testcase classname="com.test.BrokenLinkTest" name="BrokenLinkAndImageTest" time="100.431"/>
  <system-out/>
</testsuite> <!-- com.test.BrokenLinkTest -->
