<?xml version="1.0" encoding="UTF-8"?>
<!-- Generated by org.testng.reporters.JUnitReportReporter -->
<testsuite hostname="DESKTOP-I3PT2JI" failures="0" tests="2" name="com.testPractice.GoogleTitleTest" time="14.767" errors="0" timestamp="2021-03-02T19:23:19 ULAT" skipped="0">
  <testcase classname="com.testPractice.GoogleTitleTest" name="googleTitleTest" time="6.841"/>
  <system-out/>
  <testcase classname="com.testPractice.GoogleTitleTest" name="googleLogoTest" time="7.926"/>
  <system-out/>
</testsuite> <!-- com.testPractice.GoogleTitleTest -->
