<?xml version="1.0" encoding="UTF-8"?>
<!-- Generated by org.testng.reporters.JUnitReportReporter -->
<testsuite hostname="DESKTOP-I3PT2JI" failures="0" tests="1" name="SeleniumSession.BrokenLinkTest" time="23.108" errors="0" timestamp="2021-03-01T17:06:35 ULAT" skipped="0">
  <testcase classname="SeleniumSession.BrokenLinkTest" name="BrokenLinkAndImgTest" time="23.108"/>
  <system-out/>
</testsuite> <!-- SeleniumSession.BrokenLinkTest -->
